{"/Users/maxonmars/WebStormProjects/blog/src/shared/lib/classNames/classNames.ts": {"path":"/Users/maxonmars/WebStormProjects/blog/src/shared/lib/classNames/classNames.ts","all":false,"statementMap":{"0":{"start":{"line":1,"column":0},"end":{"line":1,"column":36}},"1":{"start":{"line":2,"column":0},"end":{"line":2,"column":0}},"2":{"start":{"line":3,"column":0},"end":{"line":3,"column":80}},"3":{"start":{"line":4,"column":0},"end":{"line":4,"column":12}},"4":{"start":{"line":5,"column":0},"end":{"line":5,"column":24}},"5":{"start":{"line":6,"column":0},"end":{"line":6,"column":32}},"6":{"start":{"line":7,"column":0},"end":{"line":7,"column":35}},"7":{"start":{"line":8,"column":0},"end":{"line":8,"column":19}}},"s":{"0":1,"1":1,"2":1,"3":5,"4":5,"5":5,"6":5,"7":5},"branchMap":{"0":{"type":"branch","line":3,"loc":{"start":{"line":3,"column":26},"end":{"line":8,"column":19}},"locations":[{"start":{"line":3,"column":26},"end":{"line":8,"column":19}}]},"1":{"type":"branch","line":3,"loc":{"start":{"line":3,"column":27},"end":{"line":3,"column":51}},"locations":[{"start":{"line":3,"column":27},"end":{"line":3,"column":51}}]},"2":{"type":"branch","line":3,"loc":{"start":{"line":3,"column":51},"end":{"line":3,"column":79}},"locations":[{"start":{"line":3,"column":51},"end":{"line":3,"column":79}}]},"3":{"type":"branch","line":6,"loc":{"start":{"line":6,"column":10},"end":{"line":6,"column":31}},"locations":[{"start":{"line":6,"column":10},"end":{"line":6,"column":31}}]},"4":{"type":"branch","line":7,"loc":{"start":{"line":7,"column":7},"end":{"line":7,"column":33}},"locations":[{"start":{"line":7,"column":7},"end":{"line":7,"column":33}}]}},"b":{"0":[5],"1":[1],"2":[4],"3":[2],"4":[1]},"fnMap":{"0":{"name":"classNames","decl":{"start":{"line":3,"column":26},"end":{"line":8,"column":19}},"loc":{"start":{"line":3,"column":26},"end":{"line":8,"column":19}},"line":3}},"f":{"0":5}}
}
