TN:
SF:src/shared/config/i18n/i18nForTests.ts
FNF:0
FNH:0
DA:1,1
DA:2,1
DA:3,1
DA:4,1
DA:5,1
DA:6,1
DA:7,1
DA:8,1
DA:9,1
DA:10,1
DA:11,1
DA:12,1
DA:13,1
DA:14,1
DA:15,1
DA:16,1
LF:16
LH:16
BRF:0
BRH:0
end_of_record
TN:
SF:src/shared/lib/classNames/classNames.ts
FN:3,classNames
FNF:1
FNH:1
FNDA:22,classNames
DA:1,1
DA:2,1
DA:3,1
DA:4,22
DA:5,22
DA:6,22
DA:7,22
DA:8,22
LF:8
LH:8
BRDA:3,0,0,22
BRDA:3,1,0,1
BRDA:3,2,0,18
BRDA:6,3,0,5
BRDA:7,4,0,2
BRF:5
BRH:5
end_of_record
TN:
SF:src/shared/lib/tests/renderWithTranslations/renderWithTranslations.tsx
FN:6,renderWithTranslations
FNF:1
FNH:1
FNDA:2,renderWithTranslations
DA:1,1
DA:2,1
DA:3,1
DA:4,1
DA:5,1
DA:6,1
DA:7,2
DA:8,2
DA:9,2
DA:10,2
DA:11,2
DA:12,2
LF:12
LH:12
BRDA:6,0,0,2
BRF:1
BRH:1
end_of_record
TN:
SF:src/shared/lib/theme/ThemeContext.ts
FNF:0
FNH:0
DA:1,1
DA:2,1
DA:3,1
DA:4,1
DA:5,1
DA:6,1
DA:7,1
DA:8,1
DA:9,1
DA:10,1
DA:11,1
DA:12,1
DA:13,1
DA:14,1
DA:15,1
LF:15
LH:15
BRDA:3,0,0,1
BRF:1
BRH:1
end_of_record
TN:
SF:src/shared/lib/theme/index.ts
FN:1,get
FN:1,get
FN:1,get
FN:2,get
FNF:4
FNH:1
FNDA:0,get
FNDA:0,get
FNDA:0,get
FNDA:3,get
DA:1,1
DA:2,1
LF:2
LH:2
BRDA:2,0,0,3
BRF:1
BRH:1
end_of_record
TN:
SF:src/shared/lib/theme/useTheme.tsx
FN:9,useTheme
FN:12,toggleTheme
FNF:2
FNH:1
FNDA:3,useTheme
FNDA:0,toggleTheme
DA:1,1
DA:2,1
DA:3,1
DA:4,1
DA:5,1
DA:6,1
DA:7,1
DA:8,1
DA:9,1
DA:10,3
DA:11,3
DA:12,3
DA:13,0
DA:14,0
DA:15,3
DA:16,3
DA:17,3
DA:18,3
LF:18
LH:16
BRDA:9,0,0,3
BRF:1
BRH:1
end_of_record
TN:
SF:src/shared/ui/Button/Button.tsx
FN:14,Button
FNF:1
FNH:1
FNDA:8,Button
DA:1,1
DA:2,1
DA:3,1
DA:4,1
DA:5,2
DA:6,2
DA:7,2
DA:8,1
DA:9,1
DA:10,1
DA:11,1
DA:12,1
DA:13,1
DA:14,1
DA:15,8
DA:16,8
DA:17,8
DA:18,8
LF:18
LH:18
BRDA:5,0,0,2
BRDA:14,1,0,8
BRF:2
BRH:2
end_of_record
TN:
SF:src/widgets/LangSwitcher/ui/LangSwitcher.tsx
FN:9,LangSwitcher
FN:12,onToggle
FNF:2
FNH:1
FNDA:3,LangSwitcher
FNDA:0,onToggle
DA:1,1
DA:2,1
DA:3,1
DA:4,1
DA:5,1
DA:6,1
DA:7,1
DA:8,1
DA:9,1
DA:10,3
DA:11,3
DA:12,3
DA:13,0
DA:14,3
DA:15,3
DA:16,3
DA:17,3
DA:18,3
DA:19,3
DA:20,3
DA:21,3
DA:22,3
DA:23,3
DA:24,3
DA:25,3
LF:25
LH:24
BRDA:9,0,0,3
BRF:1
BRH:1
end_of_record
TN:
SF:src/widgets/Sidebar/index.ts
FN:1,get
FNF:1
FNH:1
FNDA:2,get
DA:1,1
LF:1
LH:1
BRDA:1,0,0,2
BRF:1
BRH:1
end_of_record
TN:
SF:src/widgets/Sidebar/ui/Sidebar.tsx
FN:12,Sidebar
FN:16,onToggle
FNF:2
FNH:2
FNDA:3,Sidebar
FNDA:1,onToggle
DA:1,1
DA:2,1
DA:3,1
DA:4,1
DA:5,1
DA:6,1
DA:7,1
DA:8,1
DA:9,1
DA:10,1
DA:11,1
DA:12,1
DA:13,3
DA:14,3
DA:15,3
DA:16,3
DA:17,1
DA:18,3
DA:19,3
DA:20,3
DA:21,3
DA:22,3
DA:23,3
DA:24,3
DA:25,3
DA:26,3
DA:27,3
DA:28,3
DA:29,3
DA:30,3
DA:31,3
LF:31
LH:31
BRDA:12,0,0,3
BRDA:16,1,0,1
BRDA:17,2,0,1
BRF:3
BRH:3
end_of_record
TN:
SF:src/widgets/ThemeSwitcher/index.ts
FN:1,get
FNF:1
FNH:1
FNDA:3,get
DA:1,1
LF:1
LH:1
BRDA:1,0,0,3
BRF:1
BRH:1
end_of_record
TN:
SF:src/widgets/ThemeSwitcher/ui/ThemeSwitcher.tsx
FN:13,ThemeSwitcher
FNF:1
FNH:1
FNDA:3,ThemeSwitcher
DA:1,1
DA:2,1
DA:3,1
DA:4,1
DA:5,1
DA:6,1
DA:7,1
DA:8,1
DA:9,1
DA:10,1
DA:11,1
DA:12,1
DA:13,1
DA:14,3
DA:15,3
DA:16,3
DA:17,3
DA:18,3
DA:19,3
DA:20,3
DA:21,3
DA:22,3
DA:23,3
LF:23
LH:23
BRDA:13,0,0,3
BRDA:20,1,0,0
BRF:2
BRH:1
end_of_record
